Info: Starting: Create block symbol file (.bsf)
Info: qsys-generate D:\quartus\projects18\lab2_2\embedded_system.qsys --block-symbol-file --output-directory=D:\quartus\projects18\lab2_2\embedded_system --family="Cyclone V" --part=5CSEMA5F31C6
Progress: Loading lab2_2/embedded_system.qsys
Progress: Reading input file
Progress: Adding clk_0 [clock_source 18.1]
Progress: Parameterizing module clk_0
Progress: Adding nios2_qsys_0 [altera_nios2_qsys 16.1]
Progress: Parameterizing module nios2_qsys_0
Progress: Adding onchip_memory2_0 [altera_avalon_onchip_memory2 18.1]
Progress: Parameterizing module onchip_memory2_0
Progress: Adding reg32_avalon_interface_0 [reg32_avalon_interface 1.0]
Progress: Parameterizing module reg32_avalon_interface_0
Progress: Adding switches [altera_avalon_pio 18.1]
Progress: Parameterizing module switches
Progress: Building connections
Progress: Parameterizing connections
Progress: Validating
Progress: Done reading input file
Warning: embedded_system.nios2_qsys_0: Nios II Classic cores are no longer recommended for new projects
Info: embedded_system.switches: PIO inputs are not hardwired in test bench. Undefined values will be read from PIO inputs during simulation.
Info: qsys-generate succeeded.
Info: Finished: Create block symbol file (.bsf)
Info: 
Info: Starting: Create HDL design files for synthesis
Info: qsys-generate D:\quartus\projects18\lab2_2\embedded_system.qsys --synthesis=VERILOG --output-directory=D:\quartus\projects18\lab2_2\embedded_system\synthesis --family="Cyclone V" --part=5CSEMA5F31C6
Progress: Loading lab2_2/embedded_system.qsys
Progress: Reading input file
Progress: Adding clk_0 [clock_source 18.1]
Progress: Parameterizing module clk_0
Progress: Adding nios2_qsys_0 [altera_nios2_qsys 16.1]
Progress: Parameterizing module nios2_qsys_0
Progress: Adding onchip_memory2_0 [altera_avalon_onchip_memory2 18.1]
Progress: Parameterizing module onchip_memory2_0
Progress: Adding reg32_avalon_interface_0 [reg32_avalon_interface 1.0]
Progress: Parameterizing module reg32_avalon_interface_0
Progress: Adding switches [altera_avalon_pio 18.1]
Progress: Parameterizing module switches
Progress: Building connections
Progress: Parameterizing connections
Progress: Validating
Progress: Done reading input file
Warning: embedded_system.nios2_qsys_0: Nios II Classic cores are no longer recommended for new projects
Info: embedded_system.switches: PIO inputs are not hardwired in test bench. Undefined values will be read from PIO inputs during simulation.
Info: embedded_system: Generating embedded_system "embedded_system" for QUARTUS_SYNTH
Info: nios2_qsys_0: Starting RTL generation for module 'embedded_system_nios2_qsys_0'
Info: nios2_qsys_0:   Generation command is [exec C:/quartus18/quartus/bin64/eperlcmd.exe -I C:/quartus18/quartus/bin64/perl/lib -I C:/quartus18/quartus/sopc_builder/bin/europa -I C:/quartus18/quartus/sopc_builder/bin/perl_lib -I C:/quartus18/quartus/sopc_builder/bin -I C:/quartus18/quartus/../ip/altera/nios2_ip/altera_nios2/cpu_lib -I C:/quartus18/quartus/../ip/altera/nios2_ip/altera_nios2/nios_lib -I C:/quartus18/quartus/../ip/altera/nios2_ip/altera_nios2 -I C:/quartus18/quartus/../ip/altera/nios2_ip/altera_nios2 -- C:/quartus18/quartus/../ip/altera/nios2_ip/altera_nios2/generate_rtl.epl --name=embedded_system_nios2_qsys_0 --dir=C:/Users/artik/AppData/Local/Temp/alt9673_7303614373990214585.dir/0002_nios2_qsys_0_gen/ --quartus_bindir=C:/quartus18/quartus/bin64 --verilog --config=C:/Users/artik/AppData/Local/Temp/alt9673_7303614373990214585.dir/0002_nios2_qsys_0_gen//embedded_system_nios2_qsys_0_processor_configuration.pl  --do_build_sim=0  ]
Info: nios2_qsys_0: # 2023.11.12 19:48:41 (*) Starting Nios II generation
Info: nios2_qsys_0: # 2023.11.12 19:48:41 (*)   Checking for plaintext license.
Info: nios2_qsys_0: # 2023.11.12 19:48:42 (*)   Couldn't query license setup in Quartus directory C:/quartus18/quartus/bin64
Info: nios2_qsys_0: # 2023.11.12 19:48:42 (*)   Defaulting to contents of LM_LICENSE_FILE environment variable
Info: nios2_qsys_0: # 2023.11.12 19:48:42 (*)   Plaintext license not found.
Info: nios2_qsys_0: # 2023.11.12 19:48:42 (*)   Checking for encrypted license (non-evaluation).
Info: nios2_qsys_0: # 2023.11.12 19:48:42 (*)   Couldn't query license setup in Quartus directory C:/quartus18/quartus/bin64
Info: nios2_qsys_0: # 2023.11.12 19:48:42 (*)   Defaulting to contents of LM_LICENSE_FILE environment variable
Info: nios2_qsys_0: # 2023.11.12 19:48:42 (*)   Encrypted license not found.  Defaulting to OCP evaluation license (produces a time-limited SOF)
Info: nios2_qsys_0: # 2023.11.12 19:48:42 (*)   Elaborating CPU configuration settings
Info: nios2_qsys_0: # 2023.11.12 19:48:42 (*)   Creating all objects for CPU
Info: nios2_qsys_0: # 2023.11.12 19:48:42 (*)     Testbench
Info: nios2_qsys_0: # 2023.11.12 19:48:42 (*)     Instruction decoding
Info: nios2_qsys_0: # 2023.11.12 19:48:42 (*)       Instruction fields
Info: nios2_qsys_0: # 2023.11.12 19:48:43 (*)       Instruction decodes
Info: nios2_qsys_0: # 2023.11.12 19:48:43 (*)       Signals for RTL simulation waveforms
Info: nios2_qsys_0: # 2023.11.12 19:48:43 (*)       Instruction controls
Info: nios2_qsys_0: # 2023.11.12 19:48:43 (*)     Pipeline frontend
Info: nios2_qsys_0: # 2023.11.12 19:48:43 (*)     Pipeline backend
Info: nios2_qsys_0: # 2023.11.12 19:48:45 (*)   Generating RTL from CPU objects
Info: nios2_qsys_0: # 2023.11.12 19:48:47 (*)   Creating encrypted RTL
Info: nios2_qsys_0: # 2023.11.12 19:48:48 (*) Done Nios II generation
Info: nios2_qsys_0: Done RTL generation for module 'embedded_system_nios2_qsys_0'
Info: nios2_qsys_0: "embedded_system" instantiated altera_nios2_qsys "nios2_qsys_0"
Info: onchip_memory2_0: Starting RTL generation for module 'embedded_system_onchip_memory2_0'
Info: onchip_memory2_0:   Generation command is [exec C:/quartus18/quartus/bin64/perl/bin/perl.exe -I C:/quartus18/quartus/bin64/perl/lib -I C:/quartus18/quartus/sopc_builder/bin/europa -I C:/quartus18/quartus/sopc_builder/bin/perl_lib -I C:/quartus18/quartus/sopc_builder/bin -I C:/quartus18/quartus/../ip/altera/sopc_builder_ip/common -I C:/quartus18/quartus/../ip/altera/sopc_builder_ip/altera_avalon_onchip_memory2 -- C:/quartus18/quartus/../ip/altera/sopc_builder_ip/altera_avalon_onchip_memory2/generate_rtl.pl --name=embedded_system_onchip_memory2_0 --dir=C:/Users/artik/AppData/Local/Temp/alt9673_7303614373990214585.dir/0003_onchip_memory2_0_gen/ --quartus_dir=C:/quartus18/quartus --verilog --config=C:/Users/artik/AppData/Local/Temp/alt9673_7303614373990214585.dir/0003_onchip_memory2_0_gen//embedded_system_onchip_memory2_0_component_configuration.pl  --do_build_sim=0  ]
Info: onchip_memory2_0: Done RTL generation for module 'embedded_system_onchip_memory2_0'
Info: onchip_memory2_0: "embedded_system" instantiated altera_avalon_onchip_memory2 "onchip_memory2_0"
Info: reg32_avalon_interface_0: "embedded_system" instantiated reg32_avalon_interface "reg32_avalon_interface_0"
Info: switches: Starting RTL generation for module 'embedded_system_switches'
Info: switches:   Generation command is [exec C:/quartus18/quartus/bin64/perl/bin/perl.exe -I C:/quartus18/quartus/bin64/perl/lib -I C:/quartus18/quartus/sopc_builder/bin/europa -I C:/quartus18/quartus/sopc_builder/bin/perl_lib -I C:/quartus18/quartus/sopc_builder/bin -I C:/quartus18/quartus/../ip/altera/sopc_builder_ip/common -I C:/quartus18/quartus/../ip/altera/sopc_builder_ip/altera_avalon_pio -- C:/quartus18/quartus/../ip/altera/sopc_builder_ip/altera_avalon_pio/generate_rtl.pl --name=embedded_system_switches --dir=C:/Users/artik/AppData/Local/Temp/alt9673_7303614373990214585.dir/0005_switches_gen/ --quartus_dir=C:/quartus18/quartus --verilog --config=C:/Users/artik/AppData/Local/Temp/alt9673_7303614373990214585.dir/0005_switches_gen//embedded_system_switches_component_configuration.pl  --do_build_sim=0  ]
Info: switches: Done RTL generation for module 'embedded_system_switches'
Info: switches: "embedded_system" instantiated altera_avalon_pio "switches"
Info: avalon_st_adapter: Inserting error_adapter: error_adapter_0
Info: avalon_st_adapter_001: Inserting error_adapter: error_adapter_0
Info: avalon_st_adapter_002: Inserting error_adapter: error_adapter_0
Info: avalon_st_adapter_003: Inserting error_adapter: error_adapter_0
Info: mm_interconnect_0: "embedded_system" instantiated altera_mm_interconnect "mm_interconnect_0"
Info: irq_mapper: "embedded_system" instantiated altera_irq_mapper "irq_mapper"
Info: rst_controller: "embedded_system" instantiated altera_reset_controller "rst_controller"
Info: nios2_qsys_0_data_master_translator: "mm_interconnect_0" instantiated altera_merlin_master_translator "nios2_qsys_0_data_master_translator"
Info: reg32_avalon_interface_0_avalon_slave_0_translator: "mm_interconnect_0" instantiated altera_merlin_slave_translator "reg32_avalon_interface_0_avalon_slave_0_translator"
Info: nios2_qsys_0_data_master_agent: "mm_interconnect_0" instantiated altera_merlin_master_agent "nios2_qsys_0_data_master_agent"
Info: reg32_avalon_interface_0_avalon_slave_0_agent: "mm_interconnect_0" instantiated altera_merlin_slave_agent "reg32_avalon_interface_0_avalon_slave_0_agent"
Info: reg32_avalon_interface_0_avalon_slave_0_agent_rsp_fifo: "mm_interconnect_0" instantiated altera_avalon_sc_fifo "reg32_avalon_interface_0_avalon_slave_0_agent_rsp_fifo"
Info: router: "mm_interconnect_0" instantiated altera_merlin_router "router"
Info: router_001: "mm_interconnect_0" instantiated altera_merlin_router "router_001"
Info: router_002: "mm_interconnect_0" instantiated altera_merlin_router "router_002"
Info: router_003: "mm_interconnect_0" instantiated altera_merlin_router "router_003"
Info: nios2_qsys_0_data_master_limiter: "mm_interconnect_0" instantiated altera_merlin_traffic_limiter "nios2_qsys_0_data_master_limiter"
Info: Reusing file D:/quartus/projects18/lab2_2/embedded_system/synthesis/submodules/altera_avalon_sc_fifo.v
Info: cmd_demux: "mm_interconnect_0" instantiated altera_merlin_demultiplexer "cmd_demux"
Info: cmd_demux_001: "mm_interconnect_0" instantiated altera_merlin_demultiplexer "cmd_demux_001"
Info: cmd_mux: "mm_interconnect_0" instantiated altera_merlin_multiplexer "cmd_mux"
Info: cmd_mux_001: "mm_interconnect_0" instantiated altera_merlin_multiplexer "cmd_mux_001"
Info: Reusing file D:/quartus/projects18/lab2_2/embedded_system/synthesis/submodules/altera_merlin_arbitrator.sv
Info: rsp_demux: "mm_interconnect_0" instantiated altera_merlin_demultiplexer "rsp_demux"
Info: rsp_demux_001: "mm_interconnect_0" instantiated altera_merlin_demultiplexer "rsp_demux_001"
Info: rsp_mux: "mm_interconnect_0" instantiated altera_merlin_multiplexer "rsp_mux"
Info: Reusing file D:/quartus/projects18/lab2_2/embedded_system/synthesis/submodules/altera_merlin_arbitrator.sv
Info: rsp_mux_001: "mm_interconnect_0" instantiated altera_merlin_multiplexer "rsp_mux_001"
Info: Reusing file D:/quartus/projects18/lab2_2/embedded_system/synthesis/submodules/altera_merlin_arbitrator.sv
Info: avalon_st_adapter: "mm_interconnect_0" instantiated altera_avalon_st_adapter "avalon_st_adapter"
Info: error_adapter_0: "avalon_st_adapter" instantiated error_adapter "error_adapter_0"
Info: embedded_system: Done "embedded_system" with 28 modules, 50 files
Info: qsys-generate succeeded.
Info: Finished: Create HDL design files for synthesis
