Flow report for comp_arm
Sun Nov 19 18:19:14 2023
Quartus Prime Version 18.1.0 Build 625 09/12/2018 SJ Lite Edition


---------------------
; Table of Contents ;
---------------------
  1. Legal Notice
  2. Flow Summary
  3. Flow Settings
  4. Flow Non-Default Global Settings
  5. Flow Elapsed Time
  6. Flow OS Summary
  7. Flow Log
  8. Flow Messages
  9. Flow Suppressed Messages



----------------
; Legal Notice ;
----------------
Copyright (C) 2018  Intel Corporation. All rights reserved.
Your use of Intel Corporation's design tools, logic functions 
and other software and tools, and its AMPP partner logic 
functions, and any output files from any of the foregoing 
(including device programming or simulation files), and any 
associated documentation or information are expressly subject 
to the terms and conditions of the Intel Program License 
Subscription Agreement, the Intel Quartus Prime License Agreement,
the Intel FPGA IP License Agreement, or other applicable license
agreement, including, without limitation, that your use is for
the sole purpose of programming logic devices manufactured by
Intel and sold by Intel or its authorized distributors.  Please
refer to the applicable agreement for further details.



+-------------------------------------------------------------------------------+
; Flow Summary                                                                  ;
+---------------------------------+---------------------------------------------+
; Flow Status                     ; Successful - Sun Nov 19 18:18:22 2023       ;
; Quartus Prime Version           ; 18.1.0 Build 625 09/12/2018 SJ Lite Edition ;
; Revision Name                   ; comp_arm                                    ;
; Top-level Entity Name           ; comp_arm                                    ;
; Family                          ; Cyclone V                                   ;
; Device                          ; 5CSEMA5F31C6                                ;
; Timing Models                   ; Final                                       ;
; Logic utilization (in ALMs)     ; 1,735 / 32,070 ( 5 % )                      ;
; Total registers                 ; 2447                                        ;
; Total pins                      ; 164 / 457 ( 36 % )                          ;
; Total virtual pins              ; 0                                           ;
; Total block memory bits         ; 2,097,664 / 4,065,280 ( 52 % )              ;
; Total DSP Blocks                ; 0 / 87 ( 0 % )                              ;
; Total HSSI RX PCSs              ; 0                                           ;
; Total HSSI PMA RX Deserializers ; 0                                           ;
; Total HSSI TX PCSs              ; 0                                           ;
; Total HSSI PMA TX Serializers   ; 0                                           ;
; Total PLLs                      ; 1 / 6 ( 17 % )                              ;
; Total DLLs                      ; 1 / 4 ( 25 % )                              ;
+---------------------------------+---------------------------------------------+


+-----------------------------------------+
; Flow Settings                           ;
+-------------------+---------------------+
; Option            ; Setting             ;
+-------------------+---------------------+
; Start date & time ; 11/19/2023 18:11:23 ;
; Main task         ; Compilation         ;
; Revision Name     ; comp_arm            ;
+-------------------+---------------------+


+---------------------------------------------------------------------------------------------------------------------------------------------------------------------------------------------+
; Flow Non-Default Global Settings                                                                                                                                                            ;
+-------------------------------------+-------------------------------------------------------------------------------+---------------+------------------------------------------+------------+
; Assignment Name                     ; Value                                                                         ; Default Value ; Entity Name                              ; Section Id ;
+-------------------------------------+-------------------------------------------------------------------------------+---------------+------------------------------------------+------------+
; COMPILER_SIGNATURE_ID               ; 10995770589199.170041028311988                                                ; --            ; --                                       ; --         ;
; HPS_ISW_FILE                        ; Computer_System/synthesis/submodules/sequencer/alt_types.pre.h                ; --            ; computer_system_ARM_A9_HPS_hps_io_border ; --         ;
; HPS_ISW_FILE                        ; Computer_System/synthesis/submodules/sequencer/emif.pre.xml                   ; --            ; computer_system_ARM_A9_HPS_hps_io_border ; --         ;
; HPS_ISW_FILE                        ; Computer_System/synthesis/submodules/sequencer/sdram_io.pre.h                 ; --            ; computer_system_ARM_A9_HPS_hps_io_border ; --         ;
; HPS_ISW_FILE                        ; Computer_System/synthesis/submodules/sequencer/sequencer.pre.c                ; --            ; computer_system_ARM_A9_HPS_hps_io_border ; --         ;
; HPS_ISW_FILE                        ; Computer_System/synthesis/submodules/sequencer/sequencer.pre.h                ; --            ; computer_system_ARM_A9_HPS_hps_io_border ; --         ;
; HPS_ISW_FILE                        ; Computer_System/synthesis/submodules/sequencer/sequencer_auto.pre.h           ; --            ; computer_system_ARM_A9_HPS_hps_io_border ; --         ;
; HPS_ISW_FILE                        ; Computer_System/synthesis/submodules/sequencer/sequencer_auto_ac_init.pre.c   ; --            ; computer_system_ARM_A9_HPS_hps_io_border ; --         ;
; HPS_ISW_FILE                        ; Computer_System/synthesis/submodules/sequencer/sequencer_auto_inst_init.pre.c ; --            ; computer_system_ARM_A9_HPS_hps_io_border ; --         ;
; HPS_ISW_FILE                        ; Computer_System/synthesis/submodules/sequencer/sequencer_defines.pre.h        ; --            ; computer_system_ARM_A9_HPS_hps_io_border ; --         ;
; HPS_ISW_FILE                        ; Computer_System/synthesis/submodules/sequencer/system.pre.h                   ; --            ; computer_system_ARM_A9_HPS_hps_io_border ; --         ;
; HPS_ISW_FILE                        ; Computer_System/synthesis/submodules/sequencer/tclrpt.pre.c                   ; --            ; computer_system_ARM_A9_HPS_hps_io_border ; --         ;
; HPS_ISW_FILE                        ; Computer_System/synthesis/submodules/sequencer/tclrpt.pre.h                   ; --            ; computer_system_ARM_A9_HPS_hps_io_border ; --         ;
; HPS_ISW_FILE                        ; Computer_System/synthesis/submodules/hps.pre.xml                              ; --            ; computer_system_ARM_A9_HPS_hps_io_border ; --         ;
; HPS_PARTITION                       ; On                                                                            ; --            ; computer_system_ARM_A9_HPS_hps_io_border ; --         ;
; MAX_CORE_JUNCTION_TEMP              ; 85                                                                            ; --            ; --                                       ; --         ;
; MIN_CORE_JUNCTION_TEMP              ; 0                                                                             ; --            ; --                                       ; --         ;
; MISC_FILE                           ; Computer_System/synthesis/../computer_system.cmp                              ; --            ; --                                       ; --         ;
; MISC_FILE                           ; Computer_System/synthesis/../../D                                             ; --            ; --                                       ; --         ;
; MISC_FILE                           ; Computer_System/synthesis/computer_system_ARM_A9_HPS_hps.svd                  ; --            ; --                                       ; --         ;
; MISC_FILE                           ; Computer_System/synthesis/../../computer_system.qsys                          ; --            ; --                                       ; --         ;
; MISC_FILE                           ; Computer_System/synthesis/submodules/sequencer/alt_types.pre.h                ; --            ; --                                       ; --         ;
; MISC_FILE                           ; Computer_System/synthesis/submodules/sequencer/emif.pre.xml                   ; --            ; --                                       ; --         ;
; MISC_FILE                           ; Computer_System/synthesis/submodules/sequencer/sdram_io.pre.h                 ; --            ; --                                       ; --         ;
; MISC_FILE                           ; Computer_System/synthesis/submodules/sequencer/sequencer.pre.c                ; --            ; --                                       ; --         ;
; MISC_FILE                           ; Computer_System/synthesis/submodules/sequencer/sequencer.pre.h                ; --            ; --                                       ; --         ;
; MISC_FILE                           ; Computer_System/synthesis/submodules/sequencer/sequencer_auto.pre.h           ; --            ; --                                       ; --         ;
; MISC_FILE                           ; Computer_System/synthesis/submodules/sequencer/sequencer_auto_ac_init.pre.c   ; --            ; --                                       ; --         ;
; MISC_FILE                           ; Computer_System/synthesis/submodules/sequencer/sequencer_auto_inst_init.pre.c ; --            ; --                                       ; --         ;
; MISC_FILE                           ; Computer_System/synthesis/submodules/sequencer/sequencer_defines.pre.h        ; --            ; --                                       ; --         ;
; MISC_FILE                           ; Computer_System/synthesis/submodules/sequencer/system.pre.h                   ; --            ; --                                       ; --         ;
; MISC_FILE                           ; Computer_System/synthesis/submodules/sequencer/tclrpt.pre.c                   ; --            ; --                                       ; --         ;
; MISC_FILE                           ; Computer_System/synthesis/submodules/sequencer/tclrpt.pre.h                   ; --            ; --                                       ; --         ;
; MISC_FILE                           ; Computer_System/synthesis/submodules/hps.pre.xml                              ; --            ; --                                       ; --         ;
; PARTITION_COLOR                     ; -- (Not supported for targeted family)                                        ; --            ; --                                       ; Top        ;
; PARTITION_FITTER_PRESERVATION_LEVEL ; -- (Not supported for targeted family)                                        ; --            ; --                                       ; Top        ;
; PARTITION_NETLIST_TYPE              ; -- (Not supported for targeted family)                                        ; --            ; --                                       ; Top        ;
; POWER_BOARD_THERMAL_MODEL           ; None (CONSERVATIVE)                                                           ; --            ; --                                       ; --         ;
; POWER_PRESET_COOLING_SOLUTION       ; 23 MM HEAT SINK WITH 200 LFPM AIRFLOW                                         ; --            ; --                                       ; --         ;
; PROJECT_OUTPUT_DIRECTORY            ; output_files                                                                  ; --            ; --                                       ; --         ;
; SLD_FILE                            ; Computer_System/synthesis/computer_system.regmap                              ; --            ; --                                       ; --         ;
; SLD_FILE                            ; Computer_System/synthesis/computer_system.debuginfo                           ; --            ; --                                       ; --         ;
; SLD_INFO                            ; QSYS_NAME computer_system HAS_SOPCINFO 1 GENERATION_ID 1700409176             ; --            ; computer_system                          ; --         ;
; SOPCINFO_FILE                       ; Computer_System/synthesis/../../computer_system.sopcinfo                      ; --            ; --                                       ; --         ;
; SYNTHESIS_ONLY_QIP                  ; On                                                                            ; --            ; --                                       ; --         ;
+-------------------------------------+-------------------------------------------------------------------------------+---------------+------------------------------------------+------------+


+--------------------------------------------------------------------------------------------------------------------------+
; Flow Elapsed Time                                                                                                        ;
+----------------------+--------------+-------------------------+---------------------+------------------------------------+
; Module Name          ; Elapsed Time ; Average Processors Used ; Peak Virtual Memory ; Total CPU Time (on all processors) ;
+----------------------+--------------+-------------------------+---------------------+------------------------------------+
; Analysis & Synthesis ; 00:00:49     ; 1.0                     ; 5203 MB             ; 00:00:43                           ;
; Fitter               ; 00:02:59     ; 1.2                     ; 7451 MB             ; 00:04:05                           ;
; Assembler            ; 00:00:21     ; 1.0                     ; 4943 MB             ; 00:00:07                           ;
; Timing Analyzer      ; 00:00:51     ; 1.4                     ; 5737 MB             ; 00:00:32                           ;
; Total                ; 00:05:00     ; --                      ; --                  ; 00:05:27                           ;
+----------------------+--------------+-------------------------+---------------------+------------------------------------+


+------------------------------------------------------------------------------------+
; Flow OS Summary                                                                    ;
+----------------------+------------------+------------+------------+----------------+
; Module Name          ; Machine Hostname ; OS Name    ; OS Version ; Processor type ;
+----------------------+------------------+------------+------------+----------------+
; Analysis & Synthesis ; DESKTOP-R8VP446  ; Windows 10 ; 10.0       ; x86_64         ;
; Fitter               ; DESKTOP-R8VP446  ; Windows 10 ; 10.0       ; x86_64         ;
; Assembler            ; DESKTOP-R8VP446  ; Windows 10 ; 10.0       ; x86_64         ;
; Timing Analyzer      ; DESKTOP-R8VP446  ; Windows 10 ; 10.0       ; x86_64         ;
+----------------------+------------------+------------+------------+----------------+


------------
; Flow Log ;
------------
quartus_map --read_settings_files=on --write_settings_files=off comp_arm -c comp_arm
quartus_fit --read_settings_files=off --write_settings_files=off comp_arm -c comp_arm
quartus_asm --read_settings_files=off --write_settings_files=off comp_arm -c comp_arm
quartus_sta comp_arm -c comp_arm



